<?xml version="1.0" encoding="UTF-8"?>
<testng-results skipped="0" failed="0" ignored="0" total="1" passed="1">
  <reporter-output>
  </reporter-output>
  <suite name="Default suite" duration-ms="20723" started-at="2019-07-06T16:32:51Z" finished-at="2019-07-06T16:33:12Z">
    <groups>
    </groups>
    <test name="Default test" duration-ms="20723" started-at="2019-07-06T16:32:51Z" finished-at="2019-07-06T16:33:12Z">
      <class name="TestID06_Test">
        <test-method status="PASS" signature="uploadProfileImageTest()[pri:0, instance:TestID06_Test@131276c2]" name="uploadProfileImageTest" duration-ms="20703" started-at="2019-07-06T16:32:51Z" finished-at="2019-07-06T16:33:12Z">
          <reporter-output>
          </reporter-output>
        </test-method> <!-- uploadProfileImageTest -->
      </class> <!-- TestID06_Test -->
    </test> <!-- Default test -->
  </suite> <!-- Default suite -->
</testng-results>
